# JRE version: OpenJDK Runtime Environment GraalVM CE 22.3.0 (17.0.5+8) (build 17.0.5+8-jvmci-22.3-b08)
# Java VM: OpenJDK 64-Bit Server VM GraalVM CE 22.3.0 (17.0.5+8-jvmci-22.3-b08, mixed mode, sharing, tiered, jvmci, jvmci compiler, compressed oops, compressed class ptrs, parallel gc, linux-amd64)
GC Precious Log:
 CPUs: 8 total, 1 available
 Memory: 1024M
 Large Page Support: Disabled
 NUMA Support: Disabled
 Compressed Oops: Enabled (32-bit)
 Alignments: Space 512K, Generation 512K, Heap 2M
 Heap Min Capacity: 100M
 Heap Initial Capacity: 100M
 Heap Max Capacity: 512M
 Pre-touch: Disabled
 Parallel Workers: 1
Heap:
 PSYoungGen      total 46592K, used 36863K [0x00000000f5580000, 0x00000000f9300000, 0x0000000100000000)
  eden space 36864K, 99% used [0x00000000f5580000,0x00000000f797fff0,0x00000000f7980000)
  from space 9728K, 0% used [0x00000000f8980000,0x00000000f8980000,0x00000000f9300000)
  to   space 12288K, 0% used [0x00000000f7980000,0x00000000f7980000,0x00000000f8580000)
 ParOldGen       total 349696K, used 349690K [0x00000000e0000000, 0x00000000f5580000, 0x00000000f5580000)
  object space 349696K, 99% used [0x00000000e0000000,0x00000000f557eac0,0x00000000f5580000)
 Metaspace       used 59583K, committed 60672K, reserved 1105920K
  class space    used 5904K, committed 6336K, reserved 1048576K
GC Heap History (20 events):
Event: 1203.363 GC heap before
{Heap before GC invocations=905 (full 773):
 PSYoungGen      total 46592K, used 36863K [0x00000000f5580000, 0x00000000f9300000, 0x0000000100000000)
  eden space 36864K, 99% used [0x00000000f5580000,0x00000000f797fff8,0x00000000f7980000)
  from space 9728K, 0% used [0x00000000f8980000,0x00000000f8980000,0x00000000f9300000)
  to   space 12288K, 0% used [0x00000000f7980000,0x00000000f7980000,0x00000000f8580000)
 ParOldGen       total 349696K, used 349695K [0x00000000e0000000, 0x00000000f5580000, 0x00000000f5580000)
  object space 349696K, 99% used [0x00000000e0000000,0x00000000f557ffb0,0x00000000f5580000)
 Metaspace       used 59583K, committed 60672K, reserved 1105920K
  class space    used 5904K, committed 6336K, reserved 1048576K
}
Event: 1204.786 GC heap after
{Heap after GC invocations=905 (full 773):
 PSYoungGen      total 49152K, used 36863K [0x00000000f5580000, 0x00000000f9300000, 0x0000000100000000)
  eden space 36864K, 99% used [0x00000000f5580000,0x00000000f797ff70,0x00000000f7980000)
  from space 12288K, 0% used [0x00000000f7980000,0x00000000f7980000,0x00000000f8580000)
  to   space 9728K, 0% used [0x00000000f8980000,0x00000000f8980000,0x00000000f9300000)
 ParOldGen       total 349696K, used 349695K [0x00000000e0000000, 0x00000000f5580000, 0x00000000f5580000)
  object space 349696K, 99% used [0x00000000e0000000,0x00000000f557fd50,0x00000000f5580000)
 Metaspace       used 59583K, committed 60672K, reserved 1105920K
  class space    used 5904K, committed 6336K, reserved 1048576K
}
Event: 1204.786 GC heap before
{Heap before GC invocations=906 (full 774):
 PSYoungGen      total 49152K, used 36864K [0x00000000f5580000, 0x00000000f9300000, 0x0000000100000000)
  eden space 36864K, 100% used [0x00000000f5580000,0x00000000f7980000,0x00000000f7980000)
  from space 12288K, 0% used [0x00000000f7980000,0x00000000f7980000,0x00000000f8580000)
  to   space 9728K, 0% used [0x00000000f8980000,0x00000000f8980000,0x00000000f9300000)
 ParOldGen       total 349696K, used 349696K [0x00000000e0000000, 0x00000000f5580000, 0x00000000f5580000)
  object space 349696K, 100% used [0x00000000e0000000,0x00000000f5580000,0x00000000f5580000)
 Metaspace       used 59583K, committed 60672K, reserved 1105920K
  class space    used 5904K, committed 6336K, reserved 1048576K
}
Event: 1206.147 GC heap after
{Heap after GC invocations=906 (full 774):
 PSYoungGen      total 46592K, used 36863K [0x00000000f5580000, 0x00000000f9300000, 0x0000000100000000)
  eden space 36864K, 99% used [0x00000000f5580000,0x00000000f797ff90,0x00000000f7980000)
  from space 9728K, 0% used [0x00000000f8980000,0x00000000f8980000,0x00000000f9300000)
  to   space 12288K, 0% used [0x00000000f7980000,0x00000000f7980000,0x00000000f8580000)
 ParOldGen       total 349696K, used 349695K [0x00000000e0000000, 0x00000000f5580000, 0x00000000f5580000)
  object space 349696K, 99% used [0x00000000e0000000,0x00000000f557fee8,0x00000000f5580000)
 Metaspace       used 59583K, committed 60672K, reserved 1105920K
  class space    used 5904K, committed 6336K, reserved 1048576K
}
Event: 1206.148 GC heap before
{Heap before GC invocations=907 (full 775):
 PSYoungGen      total 46592K, used 36864K [0x00000000f5580000, 0x00000000f9300000, 0x0000000100000000)
  eden space 36864K, 100% used [0x00000000f5580000,0x00000000f7980000,0x00000000f7980000)
  from space 9728K, 0% used [0x00000000f8980000,0x00000000f8980000,0x00000000f9300000)
  to   space 12288K, 0% used [0x00000000f7980000,0x00000000f7980000,0x00000000f8580000)
 ParOldGen       total 349696K, used 349695K [0x00000000e0000000, 0x00000000f5580000, 0x00000000f5580000)
  object space 349696K, 99% used [0x00000000e0000000,0x00000000f557fee8,0x00000000f5580000)
 Metaspace       used 59583K, committed 60672K, reserved 1105920K
  class space    used 5904K, committed 6336K, reserved 1048576K
}
Event: 1207.605 GC heap after
{Heap after GC invocations=907 (full 775):
 PSYoungGen      total 49152K, used 36863K [0x00000000f5580000, 0x00000000f9300000, 0x0000000100000000)
  eden space 36864K, 99% used [0x00000000f5580000,0x00000000f797ff90,0x00000000f7980000)
  from space 12288K, 0% used [0x00000000f7980000,0x00000000f7980000,0x00000000f8580000)
  to   space 9728K, 0% used [0x00000000f8980000,0x00000000f8980000,0x00000000f9300000)
 ParOldGen       total 349696K, used 349695K [0x00000000e0000000, 0x00000000f5580000, 0x00000000f5580000)
  object space 349696K, 99% used [0x00000000e0000000,0x00000000f557fee8,0x00000000f5580000)
 Metaspace       used 59583K, committed 60672K, reserved 1105920K
  class space    used 5904K, committed 6336K, reserved 1048576K
}
Event: 1207.642 GC heap before
{Heap before GC invocations=908 (full 776):
 PSYoungGen      total 49152K, used 36863K [0x00000000f5580000, 0x00000000f9300000, 0x0000000100000000)
  eden space 36864K, 99% used [0x00000000f5580000,0x00000000f797fff8,0x00000000f7980000)
  from space 12288K, 0% used [0x00000000f7980000,0x00000000f7980000,0x00000000f8580000)
  to   space 9728K, 0% used [0x00000000f8980000,0x00000000f8980000,0x00000000f9300000)
 ParOldGen       total 349696K, used 349695K [0x00000000e0000000, 0x00000000f5580000, 0x00000000f5580000)
  object space 349696K, 99% used [0x00000000e0000000,0x00000000f557fee8,0x00000000f5580000)
 Metaspace       used 59583K, committed 60672K, reserved 1105920K
  class space    used 5904K, committed 6336K, reserved 1048576K
}
Event: 1208.954 GC heap after
{Heap after GC invocations=908 (full 776):
 PSYoungGen      total 46592K, used 36863K [0x00000000f5580000, 0x00000000f9300000, 0x0000000100000000)
  eden space 36864K, 99% used [0x00000000f5580000,0x00000000f797ffa0,0x00000000f7980000)
  from space 9728K, 0% used [0x00000000f8980000,0x00000000f8980000,0x00000000f9300000)
  to   space 12288K, 0% used [0x00000000f7980000,0x00000000f7980000,0x00000000f8580000)
 ParOldGen       total 349696K, used 349695K [0x00000000e0000000, 0x00000000f5580000, 0x00000000f5580000)
  object space 349696K, 99% used [0x00000000e0000000,0x00000000f557fec0,0x00000000f5580000)
 Metaspace       used 59583K, committed 60672K, reserved 1105920K
  class space    used 5904K, committed 6336K, reserved 1048576K
}
Event: 1208.954 GC heap before
{Heap before GC invocations=909 (full 777):
 PSYoungGen      total 46592K, used 36863K [0x00000000f5580000, 0x00000000f9300000, 0x0000000100000000)
  eden space 36864K, 99% used [0x00000000f5580000,0x00000000f797ffd0,0x00000000f7980000)
  from space 9728K, 0% used [0x00000000f8980000,0x00000000f8980000,0x00000000f9300000)
  to   space 12288K, 0% used [0x00000000f7980000,0x00000000f7980000,0x00000000f8580000)
 ParOldGen       total 349696K, used 349695K [0x00000000e0000000, 0x00000000f5580000, 0x00000000f5580000)
  object space 349696K, 99% used [0x00000000e0000000,0x00000000f557fec0,0x00000000f5580000)
 Metaspace       used 59583K, committed 60672K, reserved 1105920K
  class space    used 5904K, committed 6336K, reserved 1048576K
}
Event: 1210.361 GC heap after
{Heap after GC invocations=909 (full 777):
 PSYoungGen      total 49152K, used 36863K [0x00000000f5580000, 0x00000000f9300000, 0x0000000100000000)
  eden space 36864K, 99% used [0x00000000f5580000,0x00000000f797ffb0,0x00000000f7980000)
  from space 12288K, 0% used [0x00000000f7980000,0x00000000f7980000,0x00000000f8580000)
  to   space 9728K, 0% used [0x00000000f8980000,0x00000000f8980000,0x00000000f9300000)
 ParOldGen       total 349696K, used 349695K [0x00000000e0000000, 0x00000000f5580000, 0x00000000f5580000)
  object space 349696K, 99% used [0x00000000e0000000,0x00000000f557fec0,0x00000000f5580000)
 Metaspace       used 59583K, committed 60672K, reserved 1105920K
  class space    used 5904K, committed 6336K, reserved 1048576K
}
Event: 1210.361 GC heap before
{Heap before GC invocations=910 (full 778):
 PSYoungGen      total 49152K, used 36864K [0x00000000f5580000, 0x00000000f9300000, 0x0000000100000000)
  eden space 36864K, 100% used [0x00000000f5580000,0x00000000f7980000,0x00000000f7980000)
  from space 12288K, 0% used [0x00000000f7980000,0x00000000f7980000,0x00000000f8580000)
  to   space 9728K, 0% used [0x00000000f8980000,0x00000000f8980000,0x00000000f9300000)
 ParOldGen       total 349696K, used 349695K [0x00000000e0000000, 0x00000000f5580000, 0x00000000f5580000)
  object space 349696K, 99% used [0x00000000e0000000,0x00000000f557fec0,0x00000000f5580000)
 Metaspace       used 59583K, committed 60672K, reserved 1105920K
  class space    used 5904K, committed 6336K, reserved 1048576K
}
Event: 1211.689 GC heap after
{Heap after GC invocations=910 (full 778):
 PSYoungGen      total 46592K, used 36863K [0x00000000f5580000, 0x00000000f9300000, 0x0000000100000000)
  eden space 36864K, 99% used [0x00000000f5580000,0x00000000f797ffc0,0x00000000f7980000)
  from space 9728K, 0% used [0x00000000f8980000,0x00000000f8980000,0x00000000f9300000)
  to   space 12288K, 0% used [0x00000000f7980000,0x00000000f7980000,0x00000000f8580000)
 ParOldGen       total 349696K, used 349695K [0x00000000e0000000, 0x00000000f5580000, 0x00000000f5580000)
  object space 349696K, 99% used [0x00000000e0000000,0x00000000f557fec0,0x00000000f5580000)
 Metaspace       used 59583K, committed 60672K, reserved 1105920K
  class space    used 5904K, committed 6336K, reserved 1048576K
}
Event: 1211.689 GC heap before
{Heap before GC invocations=911 (full 779):
 PSYoungGen      total 46592K, used 36864K [0x00000000f5580000, 0x00000000f9300000, 0x0000000100000000)
  eden space 36864K, 100% used [0x00000000f5580000,0x00000000f7980000,0x00000000f7980000)
  from space 9728K, 0% used [0x00000000f8980000,0x00000000f8980000,0x00000000f9300000)
  to   space 12288K, 0% used [0x00000000f7980000,0x00000000f7980000,0x00000000f8580000)
 ParOldGen       total 349696K, used 349695K [0x00000000e0000000, 0x00000000f5580000, 0x00000000f5580000)
  object space 349696K, 99% used [0x00000000e0000000,0x00000000f557fec0,0x00000000f5580000)
 Metaspace       used 59583K, committed 60672K, reserved 1105920K
  class space    used 5904K, committed 6336K, reserved 1048576K
}
Event: 1213.092 GC heap after
{Heap after GC invocations=911 (full 779):
 PSYoungGen      total 49152K, used 36863K [0x00000000f5580000, 0x00000000f9300000, 0x0000000100000000)
  eden space 36864K, 99% used [0x00000000f5580000,0x00000000f797ffe0,0x00000000f7980000)
  from space 12288K, 0% used [0x00000000f7980000,0x00000000f7980000,0x00000000f8580000)
  to   space 9728K, 0% used [0x00000000f8980000,0x00000000f8980000,0x00000000f9300000)
 ParOldGen       total 349696K, used 349695K [0x00000000e0000000, 0x00000000f5580000, 0x00000000f5580000)
  object space 349696K, 99% used [0x00000000e0000000,0x00000000f557fec0,0x00000000f5580000)
 Metaspace       used 59583K, committed 60672K, reserved 1105920K
  class space    used 5904K, committed 6336K, reserved 1048576K
}
Event: 1213.096 GC heap before
{Heap before GC invocations=912 (full 780):
 PSYoungGen      total 49152K, used 36864K [0x00000000f5580000, 0x00000000f9300000, 0x0000000100000000)
  eden space 36864K, 100% used [0x00000000f5580000,0x00000000f7980000,0x00000000f7980000)
  from space 12288K, 0% used [0x00000000f7980000,0x00000000f7980000,0x00000000f8580000)
  to   space 9728K, 0% used [0x00000000f8980000,0x00000000f8980000,0x00000000f9300000)
 ParOldGen       total 349696K, used 349695K [0x00000000e0000000, 0x00000000f5580000, 0x00000000f5580000)
  object space 349696K, 99% used [0x00000000e0000000,0x00000000f557fec0,0x00000000f5580000)
 Metaspace       used 59583K, committed 60672K, reserved 1105920K
  class space    used 5904K, committed 6336K, reserved 1048576K
}
Event: 1214.583 GC heap after
{Heap after GC invocations=912 (full 780):
 PSYoungGen      total 46592K, used 36863K [0x00000000f5580000, 0x00000000f9300000, 0x0000000100000000)
  eden space 36864K, 99% used [0x00000000f5580000,0x00000000f797ffe0,0x00000000f7980000)
  from space 9728K, 0% used [0x00000000f8980000,0x00000000f8980000,0x00000000f9300000)
  to   space 12288K, 0% used [0x00000000f7980000,0x00000000f7980000,0x00000000f8580000)
 ParOldGen       total 349696K, used 349695K [0x00000000e0000000, 0x00000000f5580000, 0x00000000f5580000)
  object space 349696K, 99% used [0x00000000e0000000,0x00000000f557fec0,0x00000000f5580000)
 Metaspace       used 59583K, committed 60672K, reserved 1105920K
  class space    used 5904K, committed 6336K, reserved 1048576K
}
Event: 1214.583 GC heap before
{Heap before GC invocations=913 (full 781):
 PSYoungGen      total 46592K, used 36863K [0x00000000f5580000, 0x00000000f9300000, 0x0000000100000000)
  eden space 36864K, 99% used [0x00000000f5580000,0x00000000f797ffe0,0x00000000f7980000)
  from space 9728K, 0% used [0x00000000f8980000,0x00000000f8980000,0x00000000f9300000)
  to   space 12288K, 0% used [0x00000000f7980000,0x00000000f7980000,0x00000000f8580000)
 ParOldGen       total 349696K, used 349695K [0x00000000e0000000, 0x00000000f5580000, 0x00000000f5580000)
  object space 349696K, 99% used [0x00000000e0000000,0x00000000f557fec0,0x00000000f5580000)
 Metaspace       used 59583K, committed 60672K, reserved 1105920K
  class space    used 5904K, committed 6336K, reserved 1048576K
}
Event: 1216.052 GC heap after
{Heap after GC invocations=913 (full 781):
 PSYoungGen      total 49152K, used 36863K [0x00000000f5580000, 0x00000000f9300000, 0x0000000100000000)
  eden space 36864K, 99% used [0x00000000f5580000,0x00000000f797ff00,0x00000000f7980000)
  from space 12288K, 0% used [0x00000000f7980000,0x00000000f7980000,0x00000000f8580000)
  to   space 9728K, 0% used [0x00000000f8980000,0x00000000f8980000,0x00000000f9300000)
 ParOldGen       total 349696K, used 349695K [0x00000000e0000000, 0x00000000f5580000, 0x00000000f5580000)
  object space 349696K, 99% used [0x00000000e0000000,0x00000000f557fec0,0x00000000f5580000)
 Metaspace       used 59583K, committed 60672K, reserved 1105920K
  class space    used 5904K, committed 6336K, reserved 1048576K
}
Event: 1216.053 GC heap before
{Heap before GC invocations=914 (full 782):
 PSYoungGen      total 49152K, used 36863K [0x00000000f5580000, 0x00000000f9300000, 0x0000000100000000)
  eden space 36864K, 99% used [0x00000000f5580000,0x00000000f797fff8,0x00000000f7980000)
  from space 12288K, 0% used [0x00000000f7980000,0x00000000f7980000,0x00000000f8580000)
  to   space 9728K, 0% used [0x00000000f8980000,0x00000000f8980000,0x00000000f9300000)
 ParOldGen       total 349696K, used 349695K [0x00000000e0000000, 0x00000000f5580000, 0x00000000f5580000)
  object space 349696K, 99% used [0x00000000e0000000,0x00000000f557fff8,0x00000000f5580000)
 Metaspace       used 59583K, committed 60672K, reserved 1105920K
  class space    used 5904K, committed 6336K, reserved 1048576K
}
Event: 1217.582 GC heap after
{Heap after GC invocations=914 (full 782):
 PSYoungGen      total 46592K, used 36863K [0x00000000f5580000, 0x00000000f9300000, 0x0000000100000000)
  eden space 36864K, 99% used [0x00000000f5580000,0x00000000f797fe98,0x00000000f7980000)
  from space 9728K, 0% used [0x00000000f8980000,0x00000000f8980000,0x00000000f9300000)
  to   space 12288K, 0% used [0x00000000f7980000,0x00000000f7980000,0x00000000f8580000)
 ParOldGen       total 349696K, used 349690K [0x00000000e0000000, 0x00000000f5580000, 0x00000000f5580000)
  object space 349696K, 99% used [0x00000000e0000000,0x00000000f557eac0,0x00000000f5580000)
 Metaspace       used 59583K, committed 60672K, reserved 1105920K
  class space    used 5904K, committed 6336K, reserved 1048576K
}

